<?xml version="1.0" encoding="UTF-8"?>
<testng-results ignored="0" total="1" passed="1" failed="0" skipped="0">
  <reporter-output>
  </reporter-output>
  <suite started-at="2023-11-09T14:31:54 IST" name="Default suite" finished-at="2023-11-09T14:32:02 IST" duration-ms="7272">
    <groups>
    </groups>
    <test started-at="2023-11-09T14:31:54 IST" name="Default test" finished-at="2023-11-09T14:32:02 IST" duration-ms="7272">
      <class name="Com.hrms.testscripts.TC_002">
        <test-method signature="TC_002()[pri:0, instance:Com.hrms.testscripts.TC_002@fa49800]" started-at="2023-11-09T14:31:54 IST" name="TC_002" finished-at="2023-11-09T14:32:02 IST" duration-ms="7222" status="PASS">
          <reporter-output>
          </reporter-output>
        </test-method> <!-- TC_002 -->
      </class> <!-- Com.hrms.testscripts.TC_002 -->
    </test> <!-- Default test -->
  </suite> <!-- Default suite -->
</testng-results>
